<?xml version="1.0" encoding="UTF-8" ?>
<testsuite tests="37" failures="0" name="cursoCucumber.runners.RunnerTest" time="0.128" errors="0" skipped="7">
  <properties>
[...]
</properties>
  <testcase classname="Scenario: Deve executar especificação" name="Given que criei o arquivo corretamente" time="0"/>
  <testcase classname="Scenario: Deve executar especificação" name="When executá-lo" time="0"/>
  <testcase classname="Scenario: Deve executar especificação" name="Then a especificação deve executar corretamente" time="0"/>
  <testcase classname="Scenario: Deve executar especificação" name="Scenario: Deve executar especificação" time="0"/>
  <testcase classname="Scenario: Deve incrementar contador" name="Given que o valor do contador é 15" time="0"/>
  <testcase classname="Scenario: Deve incrementar contador" name="When eu incrementar em 3" time="0"/>
  <testcase classname="Scenario: Deve incrementar contador" name="Then o valor do contador será 18" time="0"/>
  <testcase classname="Scenario: Deve incrementar contador" name="Scenario: Deve incrementar contador" time="0"/>
  <testcase classname="Scenario: Deve calcular atraso na entrega" name="Given que a entrega é dia 05/04/2018" time="0"/>
  <testcase classname="Scenario: Deve calcular atraso na entrega" name="When a entrega atrasar em 2 dias" time="0"/>
  <testcase classname="Scenario: Deve calcular atraso na entrega" name="Then a entrega será efetuada em 07/04/2018" time="0"/>
  <testcase classname="Scenario: Deve calcular atraso na entrega" name="Scenario: Deve calcular atraso na entrega" time="0"/>
  <testcase classname="Scenario: Deve calcular atraso na entrega da China" name="Given que a entrega é dia 05/04/2018" time="0"/>
  <testcase classname="Scenario: Deve calcular atraso na entrega da China" name="When a entrega atrasar em 2 meses" time="0"/>
  <testcase classname="Scenario: Deve calcular atraso na entrega da China" name="Then a entrega será efetuada em 05/06/2018" time="0"/>
  <testcase classname="Scenario: Deve calcular atraso na entrega da China" name="Scenario: Deve calcular atraso na entrega da China" time="0"/>
  <testcase classname="Scenario: Deve criar steps genéricos para estes passos" name="Given que o ticket é AF345" time="0"/>
  <testcase classname="Scenario: Deve criar steps genéricos para estes passos" name="And que o valor da passagem é R$ 230,45" time="0"/>
  <testcase classname="Scenario: Deve criar steps genéricos para estes passos" name="And que o nome do passageiro é &quot;Fulano da Silva&quot;" time="0"/>
  <testcase classname="Scenario: Deve criar steps genéricos para estes passos" name="And que o telefone do passageiro é 9999-9999" time="0"/>
  <testcase classname="Scenario: Deve criar steps genéricos para estes passos" name="When criar os steps" time="0"/>
  <testcase classname="Scenario: Deve criar steps genéricos para estes passos" name="Then o teste vai funcionar" time="0"/>
  <testcase classname="Scenario: Deve criar steps genéricos para estes passos" name="Scenario: Deve criar steps genéricos para estes passos" time="0"/>
  <testcase classname="Scenario: Deve reaproveitar os steps &quot;Dado&quot; do cenário anterior" name="Given que o ticket é AB167" time="0"/>
  <testcase classname="Scenario: Deve reaproveitar os steps &quot;Dado&quot; do cenário anterior" name="And que o ticket especial é AB167" time="0"/>
  <testcase classname="Scenario: Deve reaproveitar os steps &quot;Dado&quot; do cenário anterior" name="And que o valor da passagem é R$ 1120,23" time="0"/>
  <testcase classname="Scenario: Deve reaproveitar os steps &quot;Dado&quot; do cenário anterior" name="And que o nome do passageiro é &quot;Cicrano de Oliveira&quot;" time="0"/>
  <testcase classname="Scenario: Deve reaproveitar os steps &quot;Dado&quot; do cenário anterior" name="And que o telefone do passageiro é 9888-8888" time="0"/>
  <testcase classname="Scenario: Deve reaproveitar os steps &quot;Dado&quot; do cenário anterior" name="Scenario: Deve reaproveitar os steps &quot;Dado&quot; do cenário anterior" time="0"/>
  <testcase classname="Scenario: Deve reaproveitar os steps &quot;Dado&quot; do cenário anterior" name="Given que o ticket é CD123" time="0.016">
    <skipped/>
    <system-out>
  Scenario: Deve reaproveitar os steps &quot;Dado&quot; do cenário anterior &amp;#27;[90m# src/test/resources/features/aprender_cucumber_EN.feature:38&amp;#27;[0m
    &amp;#27;[32mGiven &amp;#27;[0m&amp;#27;[32mque o ticket é &amp;#27;[0m&amp;#27;[32m&amp;#27;[1mAB167&amp;#27;[0m                                    &amp;#27;[90m# AprenderCucumberSteps.queOTicketÉAF(String,String)&amp;#27;[0m
    &amp;#27;[32mAnd &amp;#27;[0m&amp;#27;[32mque o ticket&amp;#27;[0m&amp;#27;[32m&amp;#27;[1m especial&amp;#27;[0m&amp;#27;[32m é &amp;#27;[0m&amp;#27;[32m&amp;#27;[1mAB167&amp;#27;[0m                             &amp;#27;[90m# AprenderCucumberSteps.queOTicketÉAF(String,String)&amp;#27;[0m
    &amp;#27;[32mAnd &amp;#27;[0m&amp;#27;[32mque o valor da passagem é R$ &amp;#27;[0m&amp;#27;[32m&amp;#27;[1m1120,23&amp;#27;[0m                      &amp;#27;[90m# AprenderCucumberSteps.queOValorDaPassagemÉR$(Double)&amp;#27;[0m
    &amp;#27;[32mAnd &amp;#27;[0m&amp;#27;[32mque o nome do passageiro é &quot;&amp;#27;[0m&amp;#27;[32m&amp;#27;[1mCicrano de Oliveira&amp;#27;[0m&amp;#27;[32m&quot;&amp;#27;[0m          &amp;#27;[90m# AprenderCucumberSteps.queONomeDoPassageiroÉ(String)&amp;#27;[0m
    &amp;#27;[32mAnd &amp;#27;[0m&amp;#27;[32mque o telefone do passageiro é &amp;#27;[0m&amp;#27;[32m&amp;#27;[1m9888&amp;#27;[0m&amp;#27;[32m-&amp;#27;[0m&amp;#27;[32m&amp;#27;[1m8888&amp;#27;[0m                  &amp;#27;[90m# AprenderCucumberSteps.queOTelefoneDoPassageiroÉ(int,int)&amp;#27;[0m
</system-out>
  </testcase>
  <testcase classname="Scenario: Deve reaproveitar os steps &quot;Dado&quot; do cenário anterior" name="Given que o ticket é AG1234" time="0.016">
    <skipped/>
  </testcase>
  <testcase classname="Scenario: Deve reaproveitar os steps &quot;Dado&quot; do cenário anterior" name="Given que o valor da passagem é R$ 11.345,56" time="0.016">
    <skipped/>
  </testcase>
  <testcase classname="Scenario: Deve reaproveitar os steps &quot;Dado&quot; do cenário anterior" name="Given que o nome do passageiro é &quot;Beltrano Souza Matos de Alcântara Azevedo&quot;" time="0.016">
    <skipped/>
  </testcase>
  <testcase classname="Scenario: Deve reaproveitar os steps &quot;Dado&quot; do cenário anterior" name="Given que o telefone do passageiro é 1234-5678" time="0.016">
    <skipped/>
  </testcase>
  <testcase classname="Scenario: Deve reaproveitar os steps &quot;Dado&quot; do cenário anterior" name="Given que o telefone do passageiro é 999-2223" time="0.016">
    <skipped/>
  </testcase>
  <testcase classname="Scenario: Deve reaproveitar os steps &quot;Dado&quot; do cenário anterior" name="Scenario: Deve reaproveitar os steps &quot;Dado&quot; do cenário anterior" time="0.016">
    <skipped/>
  </testcase>
  <testcase classname="Scenario: Deve reaproveitar os steps &quot;Dado&quot; do cenário anterior" name="Scenario: Deve reaproveitar os steps &quot;Dado&quot; do cenário anterior" time="0.016"/>
</testsuite>